running egg_info
writing ../../build/my_bot_nav/my_bot_nav.egg-info/PKG-INFO
writing dependency_links to ../../build/my_bot_nav/my_bot_nav.egg-info/dependency_links.txt
writing entry points to ../../build/my_bot_nav/my_bot_nav.egg-info/entry_points.txt
writing requirements to ../../build/my_bot_nav/my_bot_nav.egg-info/requires.txt
writing top-level names to ../../build/my_bot_nav/my_bot_nav.egg-info/top_level.txt
reading manifest file '../../build/my_bot_nav/my_bot_nav.egg-info/SOURCES.txt'
writing manifest file '../../build/my_bot_nav/my_bot_nav.egg-info/SOURCES.txt'
running build
running build_py
copying my_bot_nav/odometry_node.py -> /home/robovyu/nav_ws/build/my_bot_nav/build/lib/my_bot_nav
copying my_bot_nav/direct_motor_driver.py -> /home/robovyu/nav_ws/build/my_bot_nav/build/lib/my_bot_nav
copying my_bot_nav/path_follower.py -> /home/robovyu/nav_ws/build/my_bot_nav/build/lib/my_bot_nav
copying my_bot_nav/a_star_planner.py -> /home/robovyu/nav_ws/build/my_bot_nav/build/lib/my_bot_nav
running install
running install_lib
copying /home/robovyu/nav_ws/build/my_bot_nav/build/lib/my_bot_nav/odometry_node.py -> /home/robovyu/nav_ws/install/my_bot_nav/lib/python3.12/site-packages/my_bot_nav
copying /home/robovyu/nav_ws/build/my_bot_nav/build/lib/my_bot_nav/direct_motor_driver.py -> /home/robovyu/nav_ws/install/my_bot_nav/lib/python3.12/site-packages/my_bot_nav
copying /home/robovyu/nav_ws/build/my_bot_nav/build/lib/my_bot_nav/path_follower.py -> /home/robovyu/nav_ws/install/my_bot_nav/lib/python3.12/site-packages/my_bot_nav
copying /home/robovyu/nav_ws/build/my_bot_nav/build/lib/my_bot_nav/a_star_planner.py -> /home/robovyu/nav_ws/install/my_bot_nav/lib/python3.12/site-packages/my_bot_nav
byte-compiling /home/robovyu/nav_ws/install/my_bot_nav/lib/python3.12/site-packages/my_bot_nav/odometry_node.py to odometry_node.cpython-312.pyc
byte-compiling /home/robovyu/nav_ws/install/my_bot_nav/lib/python3.12/site-packages/my_bot_nav/direct_motor_driver.py to direct_motor_driver.cpython-312.pyc
byte-compiling /home/robovyu/nav_ws/install/my_bot_nav/lib/python3.12/site-packages/my_bot_nav/path_follower.py to path_follower.cpython-312.pyc
byte-compiling /home/robovyu/nav_ws/install/my_bot_nav/lib/python3.12/site-packages/my_bot_nav/a_star_planner.py to a_star_planner.cpython-312.pyc
running install_data
copying package.xml -> /home/robovyu/nav_ws/install/my_bot_nav/share/my_bot_nav
copying launch/navigation.launch.py -> /home/robovyu/nav_ws/install/my_bot_nav/share/my_bot_nav/launch
running install_egg_info
removing '/home/robovyu/nav_ws/install/my_bot_nav/lib/python3.12/site-packages/my_bot_nav-0.0.0-py3.12.egg-info' (and everything under it)
Copying ../../build/my_bot_nav/my_bot_nav.egg-info to /home/robovyu/nav_ws/install/my_bot_nav/lib/python3.12/site-packages/my_bot_nav-0.0.0-py3.12.egg-info
running install_scripts
Installing a_star_planner script to /home/robovyu/nav_ws/install/my_bot_nav/lib/my_bot_nav
Installing direct_motor_driver script to /home/robovyu/nav_ws/install/my_bot_nav/lib/my_bot_nav
Installing odometry_node script to /home/robovyu/nav_ws/install/my_bot_nav/lib/my_bot_nav
Installing path_follower script to /home/robovyu/nav_ws/install/my_bot_nav/lib/my_bot_nav
writing list of installed files to '/home/robovyu/nav_ws/build/my_bot_nav/install.log'
