/home/robovyu/nav_ws/install/my_bot_nav/lib/python3.12/site-packages/my_bot_nav/odometry_node.py
/home/robovyu/nav_ws/install/my_bot_nav/lib/python3.12/site-packages/my_bot_nav/direct_motor_driver.py
/home/robovyu/nav_ws/install/my_bot_nav/lib/python3.12/site-packages/my_bot_nav/path_follower.py
/home/robovyu/nav_ws/install/my_bot_nav/lib/python3.12/site-packages/my_bot_nav/a_star_planner.py
/home/robovyu/nav_ws/install/my_bot_nav/lib/python3.12/site-packages/my_bot_nav/__pycache__/odometry_node.cpython-312.pyc
/home/robovyu/nav_ws/install/my_bot_nav/lib/python3.12/site-packages/my_bot_nav/__pycache__/direct_motor_driver.cpython-312.pyc
/home/robovyu/nav_ws/install/my_bot_nav/lib/python3.12/site-packages/my_bot_nav/__pycache__/path_follower.cpython-312.pyc
/home/robovyu/nav_ws/install/my_bot_nav/lib/python3.12/site-packages/my_bot_nav/__pycache__/a_star_planner.cpython-312.pyc
/home/robovyu/nav_ws/install/my_bot_nav/share/ament_index/resource_index/packages/my_bot_nav
/home/robovyu/nav_ws/install/my_bot_nav/share/my_bot_nav/package.xml
/home/robovyu/nav_ws/install/my_bot_nav/share/my_bot_nav/launch/navigation.launch.py
/home/robovyu/nav_ws/install/my_bot_nav/lib/python3.12/site-packages/my_bot_nav-0.0.0-py3.12.egg-info/dependency_links.txt
/home/robovyu/nav_ws/install/my_bot_nav/lib/python3.12/site-packages/my_bot_nav-0.0.0-py3.12.egg-info/zip-safe
/home/robovyu/nav_ws/install/my_bot_nav/lib/python3.12/site-packages/my_bot_nav-0.0.0-py3.12.egg-info/top_level.txt
/home/robovyu/nav_ws/install/my_bot_nav/lib/python3.12/site-packages/my_bot_nav-0.0.0-py3.12.egg-info/entry_points.txt
/home/robovyu/nav_ws/install/my_bot_nav/lib/python3.12/site-packages/my_bot_nav-0.0.0-py3.12.egg-info/SOURCES.txt
/home/robovyu/nav_ws/install/my_bot_nav/lib/python3.12/site-packages/my_bot_nav-0.0.0-py3.12.egg-info/PKG-INFO
/home/robovyu/nav_ws/install/my_bot_nav/lib/python3.12/site-packages/my_bot_nav-0.0.0-py3.12.egg-info/requires.txt
/home/robovyu/nav_ws/install/my_bot_nav/lib/my_bot_nav/a_star_planner
/home/robovyu/nav_ws/install/my_bot_nav/lib/my_bot_nav/direct_motor_driver
/home/robovyu/nav_ws/install/my_bot_nav/lib/my_bot_nav/odometry_node
/home/robovyu/nav_ws/install/my_bot_nav/lib/my_bot_nav/path_follower
